eryue/build/outputs/mapping/release/seeds.txt
com.eryue.AppRegister
com.eryue.AppRegister: AppRegister()
com.eryue.BaiduBroadcastReceiver
com.eryue.BaiduBroadcastReceiver: BaiduBroadcastReceiver()
com.eryue.BaseApplication
com.eryue.BaseApplication: BaseApplication()
com.eryue.BaseApplication$2
com.eryue.BaseApplication$2: com.eryue.BaseApplication this$0
com.eryue.BaseApplication$2: BaseApplication$2(com.eryue.BaseApplication)
com.eryue.BaseApplication$2: void onSuccess()
com.eryue.BaseApplication$2: void onFailure(int,java.lang.String)
com.eryue.ClipPopView
com.eryue.ClipPopView: ClipPopView(android.content.Context)
com.eryue.GoodsListTabModel
com.eryue.GoodsListTabModel: android.os.Parcelable$Creator CREATOR
com.eryue.R$anim: int abc_fade_in
com.eryue.R$anim: int abc_fade_out
com.eryue.R$anim: int abc_grow_fade_in_from_bottom
com.eryue.R$anim: int abc_popup_enter
com.eryue.R$anim: int abc_popup_exit
com.eryue.R$anim: int abc_shrink_fade_out_from_bottom
com.eryue.R$anim: int abc_slide_in_bottom
com.eryue.R$anim: int abc_slide_in_top
com.eryue.R$anim: int abc_slide_out_bottom
com.eryue.R$anim: int abc_slide_out_top
com.eryue.R$anim: int anim_marquee_in
com.eryue.R$anim: int anim_marquee_out
com.eryue.R$anim: int anim_rotate_down
com.eryue.R$anim: int anim_rotate_up
com.eryue.R$anim: int push_bottom_in
com.eryue.R$anim: int push_bottom_out
com.eryue.R$anim: int push_left_in
com.eryue.R$anim: int push_left_out
com.eryue.R$anim: int push_right_in
com.eryue.R$anim: int push_right_out
com.eryue.R$anim: int push_top_in
com.eryue.R$anim: int push_top_out
com.eryue.R$anim: int quit_fullscreen
com.eryue.R$anim: int start_fullscreen
com.eryue.R$anim: int tooltip_enter
com.eryue.R$anim: int tooltip_exit
com.eryue.R$attr: int actionBarDivider
com.eryue.R$attr: int actionBarItemBackground
com.eryue.R$attr: int actionBarPopupTheme
com.eryue.R$attr: int actionBarSize
com.eryue.R$attr: int actionBarSplitStyle
com.eryue.R$attr: int actionBarStyle
com.eryue.R$attr: int actionBarTabBarStyle
com.eryue.R$attr: int actionBarTabStyle
com.eryue.R$attr: int actionBarTabTextStyle
com.eryue.R$attr: int actionBarTheme
com.eryue.R$attr: int actionBarWidgetTheme
com.eryue.R$attr: int actionButtonStyle
com.eryue.R$attr: int actionDropDownStyle
com.eryue.R$attr: int actionLayout
com.eryue.R$attr: int actionMenuTextAppearance
com.eryue.R$attr: int actionMenuTextColor
com.eryue.R$attr: int actionModeBackground
com.eryue.R$attr: int actionModeCloseButtonStyle
com.eryue.R$attr: int actionModeCloseDrawable
com.eryue.R$attr: int actionModeCopyDrawable
com.eryue.R$attr: int actionModeCutDrawable
com.eryue.R$attr: int actionModeFindDrawable
com.eryue.R$attr: int actionModePasteDrawable
com.eryue.R$attr: int actionModePopupWindowStyle
com.eryue.R$attr: int actionModeSelectAllDrawable
com.eryue.R$attr: int actionModeShareDrawable
com.eryue.R$attr: int actionModeSplitBackground
com.eryue.R$attr: int actionModeStyle
com.eryue.R$attr: int actionModeWebSearchDrawable
com.eryue.R$attr: int actionOverflowButtonStyle
com.eryue.R$attr: int actionOverflowMenuStyle
com.eryue.R$attr: int actionProviderClass
com.eryue.R$attr: int actionViewClass
com.eryue.R$attr: int activityChooserViewStyle
com.eryue.R$bool: int abc_action_bar_embed_tabs
com.eryue.R$bool: int abc_allow_stacked_button_bar
com.eryue.R$bool: int abc_config_actionMenuItemAllCaps
com.eryue.R$bool: int abc_config_closeDialogWhenTouchOutside
com.eryue.R$bool: int abc_config_showMenuShortcutsWhenKeyboardPresent
com.eryue.R$bool: int default_circle_indicator_centered
com.eryue.R$bool: int default_circle_indicator_snap
com.eryue.R$bool: int default_line_indicator_centered
com.eryue.R$bool: int default_title_indicator_selected_bold
com.eryue.R$bool: int default_underline_indicator_fades
...
com.google.zxing.datamatrix.decoder.BitMatrixParser
com.google.zxing.datamatrix.decoder.BitMatrixParser: com.google.zxing.common.BitMatrix mappingBitMatrix
com.google.zxing.datamatrix.decoder.BitMatrixParser: com.google.zxing.common.BitMatrix readMappingMatrix
com.google.zxing.datamatrix.decoder.BitMatrixParser: com.google.zxing.datamatrix.decoder.Version version
com.google.zxing.datamatrix.decoder.BitMatrixParser: BitMatrixParser(com.google.zxing.common.BitMatrix)
com.google.zxing.datamatrix.decoder.BitMatrixParser: com.google.zxing.datamatrix.decoder.Version getVersion()
com.google.zxing.datamatrix.decoder.BitMatrixParser: com.google.zxing.datamatrix.decoder.Version readVersion(com.google.zxing.common.BitMatrix)
com.google.zxing.datamatrix.decoder.BitMatrixParser: byte[] readCodewords()
com.google.zxing.datamatrix.decoder.BitMatrixParser: boolean readModule(int,int,int,int)
com.google.zxing.datamatrix.decoder.BitMatrixParser: int readUtah(int,int,int,int)
com.google.zxing.datamatrix.decoder.BitMatrixParser: int readCorner1(int,int)
com.google.zxing.datamatrix.decoder.BitMatrixParser: int readCorner2(int,int)
com.google.zxing.datamatrix.decoder.BitMatrixParser: int readCorner3(int,int)
com.google.zxing.datamatrix.decoder.BitMatrixParser: int readCorner4(int,int)
com.google.zxing.datamatrix.decoder.BitMatrixParser: com.google.zxing.common.BitMatrix extractDataRegion(com.google.zxing.common.BitMatrix)
com.google.zxing.datamatrix.decoder.DataBlock
com.google.zxing.datamatrix.decoder.DataBlock: int numDataCodewords
com.google.zxing.datamatrix.decoder.DataBlock: byte[] codewords
com.google.zxing.datamatrix.decoder.DataBlock: DataBlock(int,byte[])
com.google.zxing.datamatrix.decoder.DataBlock: com.google.zxing.datamatrix.decoder.DataBlock[] getDataBlocks(byte[],com.google.zxing.datamatrix.decoder.Version)
com.google.zxing.datamatrix.decoder.DataBlock: int getNumDataCodewords()
com.google.zxing.datamatrix.decoder.DataBlock: byte[] getCodewords()
com.google.zxing.datamatrix.decoder.DecodedBitStreamParser
com.google.zxing.datamatrix.decoder.DecodedBitStreamParser: char[] C40_BASIC_SET_CHARS
com.google.zxing.datamatrix.decoder.DecodedBitStreamParser: char[] C40_SHIFT2_SET_CHARS
com.google.zxing.datamatrix.decoder.DecodedBitStreamParser: char[] TEXT_BASIC_SET_CHARS
com.google.zxing.datamatrix.decoder.DecodedBitStreamParser: char[] TEXT_SHIFT2_SET_CHARS
com.google.zxing.datamatrix.decoder.DecodedBitStreamParser: char[] TEXT_SHIFT3_SET_CHARS
com.google.zxing.datamatrix.decoder.DecodedBitStreamParser: DecodedBitStreamParser()
com.google.zxing.datamatrix.decoder.DecodedBitStreamParser: com.google.zxing.common.DecoderResult decode(byte[])
com.google.zxing.datamatrix.decoder.DecodedBitStreamParser: com.google.zxing.datamatrix.decoder.DecodedBitStreamParser$Mode decodeAsciiSegment(com.google.zxing.common.BitSource,java.lang.StringBuilder,java.lang.StringBuilder)
com.google.zxing.datamatrix.decoder.DecodedBitStreamParser: void decodeC40Segment(com.google.zxing.common.BitSource,java.lang.StringBuilder)
com.google.zxing.datamatrix.decoder.DecodedBitStreamParser: void decodeTextSegment(com.google.zxing.common.BitSource,java.lang.StringBuilder)
com.google.zxing.datamatrix.decoder.DecodedBitStreamParser: void decodeAnsiX12Segment(com.google.zxing.common.BitSource,java.lang.StringBuilder)
com.google.zxing.datamatrix.decoder.DecodedBitStreamParser: void parseTwoBytes(int,int,int[])
com.google.zxing.datamatrix.decoder.DecodedBitStreamParser$1
com.google.zxing.datamatrix.decoder.DecodedBitStreamParser$1: int[] $SwitchMap$com$google$zxing$datamatrix$decoder$DecodedBitStreamParser$Mode
com.google.zxing.datamatrix.decoder.DecodedBitStreamParser$1: void <clinit>()