eryue/build/outputs/mapping/release/mapping.txt
com.eryue.ActivityHandler -> com.eryue.a:
    com.eryue.ActivityHandler instance -> a
    java.lang.ref.WeakReference activityHandlerListener -> b
    java.util.concurrent.locks.Lock mLock -> c
    com.eryue.ActivityHandler$ChainedRef mRunnables -> d
    com.eryue.ActivityHandler$OnlyHandler handler -> e
    void <init>() -> <init>
    com.eryue.ActivityHandler getInstance(com.eryue.ActivityHandler$ActivityHandlerListener) -> a
    boolean sendEmptyMessage(int) -> a
    boolean sendEmptyMessageDelayed(int,long) -> a
    boolean sendMessageDelayed(android.os.Message,long) -> a
    boolean post(java.lang.Runnable) -> a
    boolean postDelayed(java.lang.Runnable,long) -> a
com.eryue.ActivityHandler$ActivityHandlerListener -> com.eryue.b:
    void handleMessage(android.os.Message) -> a
com.eryue.ActivityHandler$ChainedRef -> com.eryue.c:
    com.eryue.ActivityHandler$ChainedRef next -> a
    com.eryue.ActivityHandler$ChainedRef prev -> b
    com.eryue.ActivityHandler$WeakRunnable wrapper -> c
    java.util.concurrent.locks.Lock lock -> d
    void <init>(java.util.concurrent.locks.Lock,java.lang.Runnable) -> <init>
    com.eryue.ActivityHandler$WeakRunnable remove() -> a
    void insertAfter(com.eryue.ActivityHandler$ChainedRef) -> a
com.eryue.ActivityHandler$MessageModel -> com.eryue.d:
    com.eryue.ActivityHandler$ActivityHandlerListener listener -> a
    java.lang.Object obj -> b
    void <init>(com.eryue.ActivityHandler$ActivityHandlerListener,java.lang.Object) -> <init>
com.eryue.ActivityHandler$OnlyHandler -> com.eryue.e:
    java.lang.ref.WeakReference wr -> a
    void <init>(com.eryue.ActivityHandler) -> <init>
    void handleMessage(android.os.Message) -> handleMessage
com.eryue.ActivityHandler$WeakRunnable -> com.eryue.f:
    java.lang.ref.WeakReference mDelegate -> a
    java.lang.ref.WeakReference mReference -> b
    void <init>(java.lang.ref.WeakReference,java.lang.ref.WeakReference) -> <init>
    void run() -> run
com.eryue.AppRegister -> com.eryue.AppRegister:
    void <init>() -> <init>
    void onReceive(android.content.Context,android.content.Intent) -> onReceive
com.eryue.BaiduBroadcastReceiver -> com.eryue.BaiduBroadcastReceiver:
    void <init>() -> <init>
    void onReceive(android.content.Context,android.content.Intent) -> onReceive
com.eryue.BaseApplication -> com.eryue.BaseApplication:
    android.content.Context applicationContext -> a
    com.eryue.BaseApplication baseApplication -> b
    int count -> c
    android.app.Application$ActivityLifecycleCallbacks activityLifecycleCallbacks -> d
    java.lang.ref.WeakReference wfCurrentActivity -> e
    java.util.LinkedHashMap actStackMap -> f
    void <init>() -> <init>
    void onCreate() -> onCreate
    void onTerminate() -> onTerminate
    void onLowMemory() -> onLowMemory
    void onTrimMemory(int) -> onTrimMemory
    com.eryue.BaseApplication getInstance() -> a
    void attachBaseContext(android.content.Context) -> attachBaseContext
    java.lang.String getActKey(android.app.Activity) -> b
    void clearActivityStack() -> b
    android.app.Activity getRootActivity() -> c
    void setCurrentActivity(android.app.Activity) -> a
    android.content.Context getCurrentActivity() -> d
    java.lang.String access$000(com.eryue.BaseApplication,android.app.Activity) -> a
    java.util.LinkedHashMap access$100(com.eryue.BaseApplication) -> a
    int access$208() -> e
    void access$400(com.eryue.BaseApplication,android.app.Activity) -> b
    int access$210() -> f
    void <clinit>() -> <clinit>
com.eryue.BaseApplication$1 -> com.eryue.g:
    void <init>(com.eryue.BaseApplication) -> <init>
    void onSuccess() -> onSuccess
    void onFailure() -> onFailure
com.eryue.BaseApplication$2 -> com.eryue.BaseApplication$2:
    com.eryue.BaseApplication this$0 -> this$0
    void <init>(com.eryue.BaseApplication) -> <init>
    void onSuccess() -> onSuccess
    void onFailure(int,java.lang.String) -> onFailure
...
com.google.zxing.oned.rss.expanded.decoders.DecodedInformation -> com.google.zxing.oned.rss.expanded.decoders.DecodedInformation:
    java.lang.String newString -> newString
    int remainingValue -> remainingValue
    boolean remaining -> remaining
    void <init>(int,java.lang.String) -> <init>
    void <init>(int,java.lang.String,int) -> <init>
    java.lang.String getNewString() -> getNewString
    boolean isRemaining() -> isRemaining
    int getRemainingValue() -> getRemainingValue
com.google.zxing.oned.rss.expanded.decoders.DecodedNumeric -> com.google.zxing.oned.rss.expanded.decoders.DecodedNumeric:
    int firstDigit -> firstDigit
    int secondDigit -> secondDigit
    int FNC1 -> FNC1
    void <init>(int,int,int) -> <init>
    int getFirstDigit() -> getFirstDigit
    int getSecondDigit() -> getSecondDigit
    int getValue() -> getValue
    boolean isFirstDigitFNC1() -> isFirstDigitFNC1
    boolean isSecondDigitFNC1() -> isSecondDigitFNC1
    boolean isAnyFNC1() -> isAnyFNC1
com.google.zxing.oned.rss.expanded.decoders.DecodedObject -> com.google.zxing.oned.rss.expanded.decoders.DecodedObject:
    int newPosition -> newPosition
    void <init>(int) -> <init>
    int getNewPosition() -> getNewPosition
com.google.zxing.oned.rss.expanded.decoders.FieldParser -> com.google.zxing.oned.rss.expanded.decoders.FieldParser:
    java.lang.Object VARIABLE_LENGTH -> VARIABLE_LENGTH
    java.lang.Object[][] TWO_DIGIT_DATA_LENGTH -> TWO_DIGIT_DATA_LENGTH
    java.lang.Object[][] THREE_DIGIT_DATA_LENGTH -> THREE_DIGIT_DATA_LENGTH
    java.lang.Object[][] THREE_DIGIT_PLUS_DIGIT_DATA_LENGTH -> THREE_DIGIT_PLUS_DIGIT_DATA_LENGTH
    java.lang.Object[][] FOUR_DIGIT_DATA_LENGTH -> FOUR_DIGIT_DATA_LENGTH
    void <init>() -> <init>
    java.lang.String parseFieldsInGeneralPurpose(java.lang.String) -> parseFieldsInGeneralPurpose
    java.lang.String processFixedAI(int,int,java.lang.String) -> processFixedAI
    java.lang.String processVariableAI(int,int,java.lang.String) -> processVariableAI
    void <clinit>() -> <clinit>
com.google.zxing.oned.rss.expanded.decoders.GeneralAppIdDecoder -> com.google.zxing.oned.rss.expanded.decoders.GeneralAppIdDecoder:
    com.google.zxing.common.BitArray information -> information
    com.google.zxing.oned.rss.expanded.decoders.CurrentParsingState current -> current
    java.lang.StringBuilder buffer -> buffer
    void <init>(com.google.zxing.common.BitArray) -> <init>
    java.lang.String decodeAllCodes(java.lang.StringBuilder,int) -> decodeAllCodes
    boolean isStillNumeric(int) -> isStillNumeric
    com.google.zxing.oned.rss.expanded.decoders.DecodedNumeric decodeNumeric(int) -> decodeNumeric
    int extractNumericValueFromBitArray(int,int) -> extractNumericValueFromBitArray
    int extractNumericValueFromBitArray(com.google.zxing.common.BitArray,int,int) -> extractNumericValueFromBitArray
    com.google.zxing.oned.rss.expanded.decoders.DecodedInformation decodeGeneralPurposeField(int,java.lang.String) -> decodeGeneralPurposeField
    com.google.zxing.oned.rss.expanded.decoders.DecodedInformation parseBlocks() -> parseBlocks
    com.google.zxing.oned.rss.expanded.decoders.BlockParsedResult parseNumericBlock() -> parseNumericBlock
    com.google.zxing.oned.rss.expanded.decoders.BlockParsedResult parseIsoIec646Block() -> parseIsoIec646Block
    com.google.zxing.oned.rss.expanded.decoders.BlockParsedResult parseAlphaBlock() -> parseAlphaBlock
    boolean isStillIsoIec646(int) -> isStillIsoIec646