eryue/build/outputs/mapping/release/usage.txt
com.eryue.AccountUtil:
    26:26:public AccountUtil()
    34:55:public static java.lang.String getSha1(java.lang.String)
com.eryue.ActivityHandler:
    public static final int DEFAULT_WHAT
    public static final int ORIENTATION_USER_ID
    public static final int ORIENTATION_PORTRAIT_ID
    69:69:public boolean sendEmptyMessage(java.lang.Object)
    79:82:public boolean sendMessage(int,java.lang.Object)
    86:86:public boolean sendMessage(android.os.Message)
    96:96:public boolean hasMessages(int)
    100:101:public void removeMessages(int)
    113:113:public android.os.Message obtainMessage(int)
com.eryue.ActivityHandler$ChainedRef:
    240:252:public com.eryue.ActivityHandler$WeakRunnable remove(java.lang.Runnable)
com.eryue.BaseApplication:
    public static final java.lang.String MESSAGE_ANR_LOG
    private java.lang.String anrLogText
    public static final int HAVE_ANR_LOG
    public static final java.lang.String TAG
    private static android.os.Handler mainHandler
    public java.util.Map appClsMap
    private static final java.lang.String jd_appKey
    private static final java.lang.String jd_keySecret
    public static final java.lang.String ANONYMOUS_LOGIN_NAME
    207:228:public void collectDeviceInfo(android.content.Context)
    232:254:private java.lang.String getTotalMemory()
    265:278:private static java.lang.String getHardwareAddress()
    282:296:private static java.lang.String displayMac(byte[])
    439:442:public int getNumActivities()
    461:461:public boolean getAppIsRunningBackgroud()
    469:486:public void popToRootAct(android.content.Context)
com.eryue.BuildConfig
com.eryue.ClipPopView:
    android.app.Dialog dialog
    123:128:public void refreshPopViewHeight()
    133:139:public void dimiss()
    143:149:public void showPopView(android.view.View)
com.eryue.GoodsContants:
    public static final java.lang.String PATH_SHARE
    public static final java.lang.String PATH_DOWNIMG
    public static final java.lang.String PATH_LOG
    public static final int SHOWROCKET_NUM
    public static final java.lang.String REDPACKET_ID
    public static final java.lang.String CLIP_CONTENT
    public static final java.lang.String taobaoUrl
    8:8:public GoodsContants()
com.eryue.GoodsListFragment:
    216:220:public void refreshFragment()
com.eryue.GoodsListTabModel:
    43:44:public void setName(java.lang.String)
    51:52:public void setKey(java.lang.String)
com.eryue.Manifest
com.eryue.Manifest$permission
com.eryue.MyApplication
com.eryue.R:
    10:10:public R()
com.eryue.R$anim
com.eryue.R$attr
com.eryue.R$bool
com.eryue.R$color
com.eryue.R$dimen
com.eryue.R$drawable
com.eryue.R$id
com.eryue.R$integer
com.eryue.R$layout
com.eryue.R$raw
com.eryue.R$string
com.eryue.R$style
com.eryue.R$styleable:
    4598:4598:public R$styleable()
com.eryue.RedRocketPopView:
    135:140:public void refreshPopViewHeight()
    145:151:public void dimiss()
    181:193:public void loadImage(java.lang.String)
com.eryue.WXShare:
    public static final java.lang.String APP_ID
    public static final java.lang.String APP_SECRET
    public static final java.lang.String ACTION_SHARE_RESPONSE
    public static final java.lang.String EXTRA_RESULT
    public static final java.lang.String MINI_APPID
    private static final int THUMB_SIZE
    93:111:public com.eryue.WXShare share(java.lang.String)
    120:122:public com.eryue.WXShare shareUrl(int,android.content.Context,java.lang.String,java.lang.String,java.lang.String)
    188:210:public void shareMultiplePictureTimeLine(android.content.Context,java.lang.String,java.util.List)
    277:278:public void setListener(com.eryue.OnResponseListener)
    281:281:private java.lang.String buildTransaction(java.lang.String)
    383:412:public void sendMiniApps(java.lang.String,java.lang.String,java.lang.String,java.lang.String)
...
android.support.v4.view.ViewParentCompat:
    private static final java.lang.String TAG
    204:204:private ViewParentCompat()
    229:229:public static boolean requestSendAccessibilityEvent(android.view.ViewParent,android.view.View,android.view.accessibility.AccessibilityEvent)
    248:248:public static boolean onStartNestedScroll(android.view.ViewParent,android.view.View,android.view.View,int)
    265:266:public static void onNestedScrollAccepted(android.view.ViewParent,android.view.View,android.view.View,int)
    277:278:public static void onStopNestedScroll(android.view.ViewParent,android.view.View)
    295:297:public static void onNestedScroll(android.view.ViewParent,android.view.View,int,int,int,int)
    313:314:public static void onNestedPreScroll(android.view.ViewParent,android.view.View,int,int,int[])
    535:536:public static void notifySubtreeAccessibilityStateChanged(android.view.ViewParent,android.view.View,android.view.View,int)
android.support.v4.view.ViewParentCompat$ViewParentCompatApi19Impl:
    104:105:public void notifySubtreeAccessibilityStateChanged(android.view.ViewParent,android.view.View,android.view.View,int)
android.support.v4.view.ViewParentCompat$ViewParentCompatBaseImpl:
    95:95:public void notifySubtreeAccessibilityStateChanged(android.view.ViewParent,android.view.View,android.view.View,int)
android.support.v4.view.ViewPropertyAnimatorCompat:
    private static final java.lang.String TAG
    static final int LISTENER_TAG_ID
    152:155:public android.support.v4.view.ViewPropertyAnimatorCompat alphaBy(float)
    167:170:public android.support.v4.view.ViewPropertyAnimatorCompat translationX(float)
    215:223:public android.support.v4.view.ViewPropertyAnimatorCompat withEndAction(java.lang.Runnable)
    266:271:public android.view.animation.Interpolator getInterpolator()
    301:304:public long getStartDelay()
    317:320:public android.support.v4.view.ViewPropertyAnimatorCompat rotation(float)
    332:335:public android.support.v4.view.ViewPropertyAnimatorCompat rotationBy(float)
    347:350:public android.support.v4.view.ViewPropertyAnimatorCompat rotationX(float)
    362:365:public android.support.v4.view.ViewPropertyAnimatorCompat rotationXBy(float)
    377:380:public android.support.v4.view.ViewPropertyAnimatorCompat rotationY(float)
    392:395:public android.support.v4.view.ViewPropertyAnimatorCompat rotationYBy(float)
    407:410:public android.support.v4.view.ViewPropertyAnimatorCompat scaleX(float)
    422:425:public android.support.v4.view.ViewPropertyAnimatorCompat scaleXBy(float)
    437:440:public android.support.v4.view.ViewPropertyAnimatorCompat scaleY(float)
    452:455:public android.support.v4.view.ViewPropertyAnimatorCompat scaleYBy(float)
    477:480:public android.support.v4.view.ViewPropertyAnimatorCompat x(float)
android.support.v4.view.WindowCompat
android.support.v4.view.WindowInsetsCompat:
    43:49:public WindowInsetsCompat(android.support.v4.view.WindowInsetsCompat)
    129:132:public boolean hasSystemWindowInsets()
    142:145:public boolean hasInsets()
    181:184:public boolean isRound()
    194:197:public android.support.v4.view.WindowInsetsCompat consumeSystemWindowInsets()
    229:233:public android.support.v4.view.WindowInsetsCompat replaceSystemWindowInsets(android.graphics.Rect)
    249:252:public int getStableInsetTop()
    268:271:public int getStableInsetLeft()
    287:290:public int getStableInsetRight()
    307:310:public int getStableInsetBottom()
    326:329:public boolean hasStableInsets()
    339:342:public android.support.v4.view.WindowInsetsCompat consumeStableInsets()
android.support.v4.view.accessibility.AccessibilityEventCompat
android.support.v4.view.accessibility.AccessibilityEventCompat$AccessibilityEventCompatApi16Impl
android.support.v4.view.accessibility.AccessibilityEventCompat$AccessibilityEventCompatApi19Impl
android.support.v4.view.accessibility.AccessibilityEventCompat$AccessibilityEventCompatBaseImpl